[0829/194343.611:ERROR:process_info.cc(329)] VirtualQueryEx: Access is denied. (0x5)
[0829/194343.613:ERROR:process_info.cc(556)] ReadMemoryInfo failed
[0829/194343.613:ERROR:process_memory_win.cc(39)] Failed to initialize ProcessInfo.
[0829/194343.613:ERROR:scoped_process_suspend.cc(40)] NtResumeProcess: An attempt was made to access an exiting process. (0xc000010a)
[0829/194421.109:ERROR:process_memory_win.cc(73)] ReadMemory at 0x1dec2ea3db0 of 72 bytes failed: Only part of a ReadProcessMemory or WriteProcessMemory request was completed. (0x12B)
[0829/194421.111:WARNING:pe_image_annotations_reader.cc(135)] could not read annotations list object in C:\Program Files (x86)\Google\Chrome\Application\85.0.4183.83\chrome_elf.dll
[0829/194421.112:ERROR:process_memory_win.cc(73)] ReadMemory at 0x7ffe882a0000 of 64 bytes failed: Only part of a ReadProcessMemory or WriteProcessMemory request was completed. (0x12B)
[0829/194421.112:WARNING:pe_image_reader.cc(340)] could not read dos header from C:\Program Files (x86)\Google\Chrome\Application\85.0.4183.83\chrome.dll
[0829/194605.886:ERROR:process_memory_win.cc(73)] ReadMemory at 0x527d700000 of 1048576 bytes failed: Only part of a ReadProcessMemory or WriteProcessMemory request was completed. (0x12B)
[0829/194605.888:ERROR:process_memory_win.cc(73)] ReadMemory at 0x52707b6000 of 852 bytes failed: Only part of a ReadProcessMemory or WriteProcessMemory request was completed. (0x12B)
[0829/194605.888:ERROR:process_memory_win.cc(73)] ReadMemory at 0x52707e9000 of 6024 bytes failed: Only part of a ReadProcessMemory or WriteProcessMemory request was completed. (0x12B)
[0829/194605.888:ERROR:process_memory_win.cc(73)] ReadMemory at 0x173466a0fe0 of 26498 bytes failed: Only part of a ReadProcessMemory or WriteProcessMemory request was completed. (0x12B)
[0829/194605.888:ERROR:process_memory_win.cc(73)] ReadMemory at 0x173466a7770 of 1012 bytes failed: Only part of a ReadProcessMemory or WriteProcessMemory request was completed. (0x12B)
[0829/194605.888:ERROR:process_memory_win.cc(73)] ReadMemory at 0x173466a7db8 of 118 bytes failed: Only part of a ReadProcessMemory or WriteProcessMemory request was completed. (0x12B)
[0829/194605.889:ERROR:process_memory_win.cc(73)] ReadMemory at 0x173466a7e30 of 1354 bytes failed: Only part of a ReadProcessMemory or WriteProcessMemory request was completed. (0x12B)
[0829/194605.889:ERROR:process_memory_win.cc(73)] ReadMemory at 0x173466a837c of 118 bytes failed: Only part of a ReadProcessMemory or WriteProcessMemory request was completed. (0x12B)
[0829/194605.889:ERROR:process_memory_win.cc(73)] ReadMemory at 0x173466a83f4 of 98 bytes failed: Only part of a ReadProcessMemory or WriteProcessMemory request was completed. (0x12B)
[0829/194605.889:ERROR:process_memory_win.cc(73)] ReadMemory at 0x173466a8470 of 58 bytes failed: Only part of a ReadProcessMemory or WriteProcessMemory request was completed. (0x12B)
[0829/194605.889:ERROR:process_memory_win.cc(73)] ReadMemory at 0x173466a8570 of 132 bytes failed: Only part of a ReadProcessMemory or WriteProcessMemory request was completed. (0x12B)
[0829/194605.889:ERROR:process_memory_win.cc(73)] ReadMemory at 0x173466a8700 of 132 bytes failed: Only part of a ReadProcessMemory or WriteProcessMemory request was completed. (0x12B)
[0829/194605.889:ERROR:process_memory_win.cc(73)] ReadMemory at 0x173466a88c0 of 124 bytes failed: Only part of a ReadProcessMemory or WriteProcessMemory request was completed. (0x12B)
[0829/194605.889:ERROR:process_memory_win.cc(73)] ReadMemory at 0x173466a8ca0 of 132 bytes failed: Only part of a ReadProcessMemory or WriteProcessMemory request was completed. (0x12B)
[0829/194605.889:ERROR:process_memory_win.cc(73)] ReadMemory at 0x173466a8e30 of 64 bytes failed: Only part of a ReadProcessMemory or WriteProcessMemory request was completed. (0x12B)
[0829/194605.889:ERROR:process_memory_win.cc(73)] ReadMemory at 0x173466a8ff0 of 132 bytes failed: Only part of a ReadProcessMemory or WriteProcessMemory request was completed. (0x12B)
[0829/194605.889:ERROR:process_memory_win.cc(73)] ReadMemory at 0x173466a92b0 of 132 bytes failed: Only part of a ReadProcessMemory or WriteProcessMemory request was completed. (0x12B)
[0829/194605.889:ERROR:process_memory_win.cc(73)] ReadMemory at 0x173466a9440 of 68 bytes failed: Only part of a ReadProcessMemory or WriteProcessMemory request was completed. (0x12B)
[0829/194605.889:ERROR:process_memory_win.cc(73)] ReadMemory at 0x173466aa630 of 132 bytes failed: Only part of a ReadProcessMemory or WriteProcessMemory request was completed. (0x12B)
[0829/194605.889:ERROR:process_memory_win.cc(73)] ReadMemory at 0x173466aa760 of 152 bytes failed: Only part of a ReadProcessMemory or WriteProcessMemory request was completed. (0x12B)
[0829/194605.889:ERROR:process_memory_win.cc(73)] ReadMemory at 0x173466ad7e0 of 62 bytes failed: Only part of a ReadProcessMemory or WriteProcessMemory request was completed. (0x12B)
[0829/194605.889:ERROR:process_memory_win.cc(73)] ReadMemory at 0x173466ad910 of 132 bytes failed: Only part of a ReadProcessMemory or WriteProcessMemory request was completed. (0x12B)
[0829/194605.889:ERROR:process_memory_win.cc(73)] ReadMemory at 0x173466adaa0 of 60 bytes failed: Only part of a ReadProcessMemory or WriteProcessMemory request was completed. (0x12B)
[0829/194605.890:ERROR:process_memory_win.cc(73)] ReadMemory at 0x173466b5a81 of 512 bytes failed: Only part of a ReadProcessMemory or WriteProcessMemory request was completed. (0x12B)
[0829/194605.890:ERROR:process_memory_win.cc(73)] ReadMemory at 0x173466bcda0 of 60 bytes failed: Only part of a ReadProcessMemory or WriteProcessMemory request was completed. (0x12B)
[0829/194605.890:ERROR:process_memory_win.cc(73)] ReadMemory at 0x173466bf6f0 of 80 bytes failed: Only part of a ReadProcessMemory or WriteProcessMemory request was completed. (0x12B)
[0829/194605.890:ERROR:process_memory_win.cc(73)] ReadMemory at 0x173466c4000 of 132 bytes failed: Only part of a ReadProcessMemory or WriteProcessMemory request was completed. (0x12B)
[0829/194605.890:ERROR:process_memory_win.cc(73)] ReadMemory at 0x173466c4130 of 132 bytes failed: Only part of a ReadProcessMemory or WriteProcessMemory request was completed. (0x12B)
[0829/194605.890:ERROR:process_memory_win.cc(73)] ReadMemory at 0x173466c46f0 of 132 bytes failed: Only part of a ReadProcessMemory or WriteProcessMemory request was completed. (0x12B)
[0829/194605.890:ERROR:process_memory_win.cc(73)] ReadMemory at 0x173466c4c20 of 132 bytes failed: Only part of a ReadProcessMemory or WriteProcessMemory request was completed. (0x12B)
[0829/194605.890:ERROR:process_memory_win.cc(73)] ReadMemory at 0x173466c4d50 of 132 bytes failed: Only part of a ReadProcessMemory or WriteProcessMemory request was completed. (0x12B)
[0829/194605.890:ERROR:process_memory_win.cc(73)] ReadMemory at 0x173466c4e80 of 132 bytes failed: Only part of a ReadProcessMemory or WriteProcessMemory request was completed. (0x12B)
[0829/194605.890:ERROR:process_memory_win.cc(73)] ReadMemory at 0x173466c4fb0 of 132 bytes failed: Only part of a ReadProcessMemory or WriteProcessMemory request was completed. (0x12B)
[0829/194605.890:ERROR:process_memory_win.cc(73)] ReadMemory at 0x173466c50e0 of 132 bytes failed: Only part of a ReadProcessMemory or WriteProcessMemory request was completed. (0x12B)
[0829/194605.890:ERROR:process_memory_win.cc(73)] ReadMemory at 0x173466c5210 of 132 bytes failed: Only part of a ReadProcessMemory or WriteProcessMemory request was completed. (0x12B)
[0829/194605.890:ERROR:process_memory_win.cc(73)] ReadMemory at 0x173466c5340 of 132 bytes failed: Only part of a ReadProcessMemory or WriteProcessMemory request was completed. (0x12B)
[0829/194605.890:ERROR:process_memory_win.cc(73)] ReadMemory at 0x173466c5470 of 132 bytes failed: Only part of a ReadProcessMemory or WriteProcessMemory request was completed. (0x12B)
[0829/194605.890:ERROR:process_memory_win.cc(73)] ReadMemory at 0x173466c55a0 of 132 bytes failed: Only part of a ReadProcessMemory or WriteProcessMemory request was completed. (0x12B)
[0829/194605.890:ERROR:process_memory_win.cc(73)] ReadMemory at 0x173466c56d0 of 132 bytes failed: Only part of a ReadProcessMemory or WriteProcessMemory request was completed. (0x12B)
[0829/194605.890:ERROR:process_memory_win.cc(73)] ReadMemory at 0x173466c5800 of 132 bytes failed: Only part of a ReadProcessMemory or WriteProcessMemory request was completed. (0x12B)
[0829/194605.891:ERROR:process_memory_win.cc(73)] ReadMemory at 0x173466c5930 of 132 bytes failed: Only part of a ReadProcessMemory or WriteProcessMemory request was completed. (0x12B)
[0829/194605.891:ERROR:process_memory_win.cc(73)] ReadMemory at 0x173466c5a60 of 132 bytes failed: Only part of a ReadProcessMemory or WriteProcessMemory request was completed. (0x12B)
[0829/194605.891:ERROR:process_memory_win.cc(73)] ReadMemory at 0x173466c7a40 of 132 bytes failed: Only part of a ReadProcessMemory or WriteProcessMemory request was completed. (0x12B)
[0829/194605.891:ERROR:process_memory_win.cc(73)] ReadMemory at 0x173466c7b70 of 132 bytes failed: Only part of a ReadProcessMemory or WriteProcessMemory request was completed. (0x12B)
[0829/194605.891:ERROR:process_memory_win.cc(73)] ReadMemory at 0x173466d0f60 of 64 bytes failed: Only part of a ReadProcessMemory or WriteProcessMemory request was completed. (0x12B)
[0829/194605.891:ERROR:process_memory_win.cc(73)] ReadMemory at 0x173466d1000 of 62 bytes failed: Only part of a ReadProcessMemory or WriteProcessMemory request was completed. (0x12B)
[0829/194605.891:ERROR:process_memory_win.cc(73)] ReadMemory at 0x173466d1050 of 62 bytes failed: Only part of a ReadProcessMemory or WriteProcessMemory request was completed. (0x12B)
[0829/194605.891:ERROR:process_memory_win.cc(73)] ReadMemory at 0x173466d1190 of 62 bytes failed: Only part of a ReadProcessMemory or WriteProcessMemory request was completed. (0x12B)
[0829/194605.891:ERROR:process_memory_win.cc(73)] ReadMemory at 0x173466d11e0 of 64 bytes failed: Only part of a ReadProcessMemory or WriteProcessMemory request was completed. (0x12B)
[0829/194605.891:ERROR:process_memory_win.cc(73)] ReadMemory at 0x173466d1320 of 64 bytes failed: Only part of a ReadProcessMemory or WriteProcessMemory request was completed. (0x12B)
[0829/194605.891:ERROR:process_memory_win.cc(73)] ReadMemory at 0x173466d14b0 of 58 bytes failed: Only part of a ReadProcessMemory or WriteProcessMemory request was completed. (0x12B)
[0829/194605.891:ERROR:process_memory_win.cc(73)] ReadMemory at 0x173466d1550 of 64 bytes failed: Only part of a ReadProcessMemory or WriteProcessMemory request was completed. (0x12B)
[0829/194605.891:ERROR:process_memory_win.cc(73)] ReadMemory at 0x173466d15f0 of 64 bytes failed: Only part of a ReadProcessMemory or WriteProcessMemory request was completed. (0x12B)
[0829/194605.891:ERROR:process_memory_win.cc(73)] ReadMemory at 0x173466d16e0 of 64 bytes failed: Only part of a ReadProcessMemory or WriteProcessMemory request was completed. (0x12B)
[0829/194605.891:ERROR:process_memory_win.cc(73)] ReadMemory at 0x173466d1730 of 62 bytes failed: Only part of a ReadProcessMemory or WriteProcessMemory request was completed. (0x12B)
[0829/194605.891:ERROR:process_memory_win.cc(73)] ReadMemory at 0x173466d17d0 of 62 bytes failed: Only part of a ReadProcessMemory or WriteProcessMemory request was completed. (0x12B)
[0829/194605.892:ERROR:process_memory_win.cc(73)] ReadMemory at 0x173466d1820 of 62 bytes failed: Only part of a ReadProcessMemory or WriteProcessMemory request was completed. (0x12B)
[0829/194605.892:ERROR:process_memory_win.cc(73)] ReadMemory at 0x173466d1960 of 62 bytes failed: Only part of a ReadProcessMemory or WriteProcessMemory request was completed. (0x12B)
[0829/194605.892:ERROR:process_memory_win.cc(73)] ReadMemory at 0x173466d19b0 of 66 bytes failed: Only part of a ReadProcessMemory or WriteProcessMemory request was completed. (0x12B)
[0829/194605.892:ERROR:process_memory_win.cc(73)] ReadMemory at 0x173466d1af0 of 60 bytes failed: Only part of a ReadProcessMemory or WriteProcessMemory request was completed. (0x12B)
[0829/194605.892:ERROR:process_memory_win.cc(73)] ReadMemory at 0x173466d1be0 of 62 bytes failed: Only part of a ReadProcessMemory or WriteProcessMemory request was completed. (0x12B)
[0829/194605.892:ERROR:process_memory_win.cc(73)] ReadMemory at 0x173466d1c80 of 64 bytes failed: Only part of a ReadProcessMemory or WriteProcessMemory request was completed. (0x12B)
[0829/194605.892:ERROR:process_memory_win.cc(73)] ReadMemory at 0x173466d1d20 of 60 bytes failed: Only part of a ReadProcessMemory or WriteProcessMemory request was completed. (0x12B)
[0829/194605.892:ERROR:process_memory_win.cc(73)] ReadMemory at 0x173466d1e10 of 62 bytes failed: Only part of a ReadProcessMemory or WriteProcessMemory request was completed. (0x12B)
[0829/194605.892:ERROR:process_memory_win.cc(73)] ReadMemory at 0x173466d1e60 of 60 bytes failed: Only part of a ReadProcessMemory or WriteProcessMemory request was completed. (0x12B)
[0829/194605.892:ERROR:process_memory_win.cc(73)] ReadMemory at 0x173466d1f60 of 132 bytes failed: Only part of a ReadProcessMemory or WriteProcessMemory request was completed. (0x12B)
[0829/194605.892:ERROR:process_memory_win.cc(73)] ReadMemory at 0x173466d3d80 of 80 bytes failed: Only part of a ReadProcessMemory or WriteProcessMemory request was completed. (0x12B)
[0829/194605.892:ERROR:process_memory_win.cc(73)] ReadMemory at 0x173466d49b0 of 132 bytes failed: Only part of a ReadProcessMemory or WriteProcessMemory request was completed. (0x12B)
[0829/194605.892:ERROR:process_memory_win.cc(73)] ReadMemory at 0x173466d4d40 of 132 bytes failed: Only part of a ReadProcessMemory or WriteProcessMemory request was completed. (0x12B)
[0829/194605.892:ERROR:process_memory_win.cc(73)] ReadMemory at 0x173466d4fa0 of 132 bytes failed: Only part of a ReadProcessMemory or WriteProcessMemory request was completed. (0x12B)
[0829/194605.893:ERROR:process_memory_win.cc(73)] ReadMemory at 0x173466d5590 of 132 bytes failed: Only part of a ReadProcessMemory or WriteProcessMemory request was completed. (0x12B)
[0829/194605.893:ERROR:process_memory_win.cc(73)] ReadMemory at 0x173466d6170 of 132 bytes failed: Only part of a ReadProcessMemory or WriteProcessMemory request was completed. (0x12B)
[0829/194605.893:ERROR:process_memory_win.cc(73)] ReadMemory at 0x173466d8a50 of 132 bytes failed: Only part of a ReadProcessMemory or WriteProcessMemory request was completed. (0x12B)
[0829/194605.893:ERROR:process_memory_win.cc(73)] ReadMemory at 0x173466d8f10 of 144 bytes failed: Only part of a ReadProcessMemory or WriteProcessMemory request was completed. (0x12B)
[0829/194605.894:ERROR:scoped_process_suspend.cc(40)] NtResumeProcess: An attempt was made to access an exiting process. (0xc000010a)
[0829/203856.518:ERROR:process_memory_win.cc(73)] ReadMemory at 0x1e4b6b04680 of 72 bytes failed: Only part of a ReadProcessMemory or WriteProcessMemory request was completed. (0x12B)
[0829/203856.519:WARNING:pe_image_annotations_reader.cc(135)] could not read annotations list object in C:\Program Files (x86)\Google\Chrome\Application\85.0.4183.83\chrome_elf.dll
[0829/203856.519:ERROR:process_memory_win.cc(73)] ReadMemory at 0x7ffe882a0000 of 64 bytes failed: Only part of a ReadProcessMemory or WriteProcessMemory request was completed. (0x12B)
[0829/203856.519:WARNING:pe_image_reader.cc(340)] could not read dos header from C:\Program Files (x86)\Google\Chrome\Application\85.0.4183.83\chrome.dll
[0829/203856.520:ERROR:process_memory_win.cc(73)] ReadMemory at 0x7ffed64c0000 of 64 bytes failed: Only part of a ReadProcessMemory or WriteProcessMemory request was completed. (0x12B)
[0829/203856.520:WARNING:pe_image_reader.cc(340)] could not read dos header from C:\WINDOWS\SYSTEM32\DWrite.dll
[0829/203856.520:ERROR:process_memory_win.cc(73)] ReadMemory at 0x7ffee20901f8 of 40 bytes failed: Only part of a ReadProcessMemory or WriteProcessMemory request was completed. (0x12B)
[0829/203856.520:WARNING:pe_image_reader.cc(392)] could not read section 0 from C:\WINDOWS\SYSTEM32\dhcpcsvc.DLL
[0829/203856.521:ERROR:process_memory_win.cc(73)] ReadMemory at 0x7ffee6630000 of 64 bytes failed: Only part of a ReadProcessMemory or WriteProcessMemory request was completed. (0x12B)
[0829/203856.521:WARNING:pe_image_reader.cc(340)] could not read dos header from C:\WINDOWS\SYSTEM32\PROPSYS.dll
[0829/203856.521:ERROR:process_memory_win.cc(73)] ReadMemory at 0x7ffeeb5b0278 of 40 bytes failed: Only part of a ReadProcessMemory or WriteProcessMemory request was completed. (0x12B)
[0829/203856.521:WARNING:pe_image_reader.cc(392)] could not read section 3 from C:\WINDOWS\SYSTEM32\SSPICLI.DLL
[0829/203856.521:ERROR:process_memory_win.cc(73)] ReadMemory at 0x7ffeeae90000 of 64 bytes failed: Only part of a ReadProcessMemory or WriteProcessMemory request was completed. (0x12B)
[0829/203856.521:WARNING:pe_image_reader.cc(340)] could not read dos header from C:\WINDOWS\System32\MSASN1.dll
[0829/203856.521:ERROR:process_memory_win.cc(73)] ReadMemory at 0x7ffeeba40000 of 64 bytes failed: Only part of a ReadProcessMemory or WriteProcessMemory request was completed. (0x12B)
[0829/203856.522:WARNING:pe_image_reader.cc(340)] could not read dos header from C:\WINDOWS\System32\gdi32full.dll
[0829/203856.522:ERROR:process_memory_win.cc(73)] ReadMemory at 0x7ffeea9a0000 of 64 bytes failed: Only part of a ReadProcessMemory or WriteProcessMemory request was completed. (0x12B)
[0829/203856.522:WARNING:pe_image_reader.cc(340)] could not read dos header from C:\WINDOWS\SYSTEM32\CRYPTBASE.DLL
[0829/203856.522:ERROR:process_memory_win.cc(73)] ReadMemory at 0x7ffee64c0000 of 64 bytes failed: Only part of a ReadProcessMemory or WriteProcessMemory request was completed. (0x12B)
[0829/203856.522:WARNING:pe_image_reader.cc(340)] could not read dos header from C:\WINDOWS\system32\NLAapi.dll
[0829/203856.522:ERROR:process_memory_win.cc(73)] ReadMemory at 0x7ffee11a0000 of 64 bytes failed: Only part of a ReadProcessMemory or WriteProcessMemory request was completed. (0x12B)
[0829/203856.522:WARNING:pe_image_reader.cc(340)] could not read dos header from C:\WINDOWS\SYSTEM32\dhcpcsvc6.DLL
[0829/203856.522:ERROR:process_memory_win.cc(73)] ReadMemory at 0x7ffeea500000 of 64 bytes failed: Only part of a ReadProcessMemory or WriteProcessMemory request was completed. (0x12B)
[0829/203856.522:WARNING:pe_image_reader.cc(340)] could not read dos header from C:\WINDOWS\SYSTEM32\DNSAPI.dll
[0829/203856.522:ERROR:process_memory_win.cc(73)] ReadMemory at 0x7ffee0dd0000 of 64 bytes failed: Only part of a ReadProcessMemory or WriteProcessMemory request was completed. (0x12B)
[0829/203856.522:WARNING:pe_image_reader.cc(340)] could not read dos header from C:\WINDOWS\SYSTEM32\wlanapi.dll
[0829/203856.522:ERROR:process_memory_win.cc(73)] ReadMemory at 0x7ffeeb600000 of 64 bytes failed: Only part of a ReadProcessMemory or WriteProcessMemory request was completed. (0x12B)
[0829/203856.522:WARNING:pe_image_reader.cc(340)] could not read dos header from C:\WINDOWS\SYSTEM32\profapi.dll
[0829/203856.523:ERROR:process_memory_win.cc(73)] ReadMemory at 0x7ffeea7d0000 of 64 bytes failed: Only part of a ReadProcessMemory or WriteProcessMemory request was completed. (0x12B)
[0829/203856.523:WARNING:pe_image_reader.cc(340)] could not read dos header from C:\WINDOWS\system32\mswsock.dll
[0829/203856.523:ERROR:process_memory_win.cc(73)] ReadMemory at 0x7ffee2080000 of 64 bytes failed: Only part of a ReadProcessMemory or WriteProcessMemory request was completed. (0x12B)
[0829/203856.523:WARNING:pe_image_reader.cc(340)] could not read dos header from C:\Windows\System32\rasadhlp.dll
